<?xml version="1.0" encoding="UTF-8"?>
<!-- Generated by org.testng.reporters.JUnitXMLReporter -->
<testsuite ignored="0" hostname="WELCOME" failures="1" tests="2" name="app login smoke Tests" time="0.215" errors="0" timestamp="2022-02-18T10:48:06 IST">
  <testcase classname="selenium3demo.com.testng.TestNGDemo" name="firstTest" time="0.018"/>
  <testcase classname="selenium3demo.com.testng.TestNGDemo" name="secondTest" time="0.01">
    <failure type="java.lang.AssertionError" message="failed as we are tesing the apps with invalid data">
      <![CDATA[java.lang.AssertionError: failed as we are tesing the apps with invalid data
at selenium3demo.com.testng.TestNGDemo.secondTest(TestNGDemo.java:24)
at java.base/java.util.ArrayList.forEach(ArrayList.java:1541)
... Removed 28 stack frames]]>
    </failure>
  </testcase> <!-- secondTest -->
</testsuite> <!-- app login smoke Tests -->
