<?xml version="1.0" encoding="UTF-8"?>
<testng-results ignored="0" total="1" passed="1" failed="0" skipped="0">
  <reporter-output>
  </reporter-output>
  <suite started-at="2022-02-23T10:59:58 IST" name="Smoke Suite" finished-at="2022-02-23T11:01:06 IST" duration-ms="68174">
    <groups>
    </groups>
    <test started-at="2022-02-23T10:59:58 IST" name="Author verification" finished-at="2022-02-23T11:01:06 IST" duration-ms="68174">
      <class name="selenium3demo.com.testng.CrossBrowserTests">
        <test-method signature="testWithGivenBrowser(java.lang.String)[pri:0, instance:selenium3demo.com.testng.CrossBrowserTests@2177849e]" started-at="2022-02-23T10:59:58 IST" name="testWithGivenBrowser" description="Verifying the app with different browsers" finished-at="2022-02-23T11:01:06 IST" duration-ms="68064" status="PASS">
          <params>
            <param index="0">
              <value>
                <![CDATA[Chrome]]>
              </value>
            </param>
          </params>
          <reporter-output>
          </reporter-output>
        </test-method> <!-- testWithGivenBrowser -->
      </class> <!-- selenium3demo.com.testng.CrossBrowserTests -->
    </test> <!-- Author verification -->
  </suite> <!-- Smoke Suite -->
</testng-results>
